[35m[1mConsolidate compiler generated dependencies of target hw_status_publisher[0m
[ 12%] Built target number_counter
[ 25%] Built target smartphone
[ 37%] Built target add_two_ints_server
[ 50%] Built target add_two_ints_client_no_oop
[ 62%] Built target add_two_ints_client
[ 75%] Built target cpp_node
[ 87%] Built target robot_news_station
[ 93%] [32mBuilding CXX object CMakeFiles/hw_status_publisher.dir/src/hw_status_publisher.cpp.o[0m
[01m[K/home/wward/ros2_workspace/src/my_cpp_pkg/src/hw_status_publisher.cpp:[m[K In constructor â€˜[01m[KHardwareStatusPublisherNode::HardwareStatusPublisherNode()[m[Kâ€™:
[01m[K/home/wward/ros2_workspace/src/my_cpp_pkg/src/hw_status_publisher.cpp:10:122:[m[K [01;31m[Kerror: [m[Kinvalid use of non-static member function â€˜[01m[Kvoid HardwareStatusPublisherNode::publishHardwareStatus()[m[Kâ€™
   10 |         hardware_status_timer_ = this->create_wall_timer(std::chrono::seconds(1), std::bind([01;31m[KHardwareStatusPublisherNode::publishHardwareStatus[m[K, this));
      |                                                                                             [01;31m[K~~~~~~~~~~~~~~~~~~~~~~~~~~~~~^~~~~~~~~~~~~~~~~~~~~[m[K
[01m[K/home/wward/ros2_workspace/src/my_cpp_pkg/src/hw_status_publisher.cpp:16:10:[m[K [01;36m[Knote: [m[Kdeclared here
   16 |     void [01;36m[KpublishHardwareStatus[m[K() {
      |          [01;36m[K^~~~~~~~~~~~~~~~~~~~~[m[K
gmake[2]: *** [CMakeFiles/hw_status_publisher.dir/build.make:76: CMakeFiles/hw_status_publisher.dir/src/hw_status_publisher.cpp.o] Error 1
gmake[1]: *** [CMakeFiles/Makefile2:333: CMakeFiles/hw_status_publisher.dir/all] Error 2
gmake: *** [Makefile:146: all] Error 2
