[0.015s] Invoking command in '/home/wward/ros2_workspace/build/my_cpp_pkg': CMAKE_PREFIX_PATH=${CMAKE_PREFIX_PATH}:/home/wward/ros2_workspace/install/my_python_pkg:/opt/ros/humble /usr/bin/cmake --build /home/wward/ros2_workspace/build/my_cpp_pkg -- -j8 -l8
[0.027s] -- Found ament_cmake: 1.3.3 (/opt/ros/humble/share/ament_cmake/cmake)
[0.144s] -- Found rclcpp: 16.0.3 (/opt/ros/humble/share/rclcpp/cmake)
[0.166s] -- Found rosidl_generator_c: 3.1.4 (/opt/ros/humble/share/rosidl_generator_c/cmake)
[0.168s] -- Found rosidl_adapter: 3.1.4 (/opt/ros/humble/share/rosidl_adapter/cmake)
[0.172s] -- Found rosidl_generator_cpp: 3.1.4 (/opt/ros/humble/share/rosidl_generator_cpp/cmake)
[0.180s] -- Using all available rosidl_typesupport_c: rosidl_typesupport_fastrtps_c;rosidl_typesupport_introspection_c
[0.190s] -- Using all available rosidl_typesupport_cpp: rosidl_typesupport_fastrtps_cpp;rosidl_typesupport_introspection_cpp
[0.234s] -- Found rmw_implementation_cmake: 6.1.1 (/opt/ros/humble/share/rmw_implementation_cmake/cmake)
[0.235s] -- Found rmw_fastrtps_cpp: 6.2.2 (/opt/ros/humble/share/rmw_fastrtps_cpp/cmake)
[0.323s] -- Using RMW implementation 'rmw_fastrtps_cpp' as default
[0.452s] -- Found example_interfaces: 0.9.3 (/opt/ros/humble/share/example_interfaces/cmake)
[0.556s] -- Found std_srvs: 4.2.3 (/opt/ros/humble/share/std_srvs/cmake)
[0.568s] -- Found my_robot_interfaces: 0.0.0 (/home/wward/ros2_workspace/install/my_robot_interfaces/share/my_robot_interfaces/cmake)
[0.625s] -- Configuring done
[0.660s] -- Generating done
[0.663s] -- Build files have been written to: /home/wward/ros2_workspace/build/my_cpp_pkg
[0.689s] [35m[1mConsolidate compiler generated dependencies of target robot_news_station[0m
[0.692s] [35m[1mConsolidate compiler generated dependencies of target add_two_ints_server[0m
[0.692s] [35m[1mConsolidate compiler generated dependencies of target smartphone[0m
[0.697s] [35m[1mConsolidate compiler generated dependencies of target number_counter[0m
[0.697s] [35m[1mConsolidate compiler generated dependencies of target add_two_ints_client_no_oop[0m
[0.698s] [35m[1mConsolidate compiler generated dependencies of target cpp_node[0m
[0.698s] [35m[1mConsolidate compiler generated dependencies of target add_two_ints_client[0m
[0.708s] [  6%] [32mBuilding CXX object CMakeFiles/hw_status_publisher.dir/src/hw_status_publisher.cpp.o[0m
[0.709s] [ 18%] Built target add_two_ints_server
[0.711s] [ 31%] Built target robot_news_station
[0.711s] [ 43%] Built target smartphone
[0.712s] [ 56%] Built target add_two_ints_client_no_oop
[0.713s] [ 68%] Built target number_counter
[0.717s] [ 93%] Built target cpp_node
[0.718s] [ 93%] Built target add_two_ints_client
[0.844s] [01m[K/home/wward/ros2_workspace/src/my_cpp_pkg/src/hw_status_publisher.cpp:2:10:[m[K [01;31m[Kfatal error: [m[Kmy_robot_interfaces/msg/hardware_status.hpp: No such file or directory
[0.844s]     2 | #include [01;31m[K"my_robot_interfaces/msg/hardware_status.hpp"[m[K
[0.844s]       |          [01;31m[K^~~~~~~~~~~~~~~~~~~~~~~~~~~~~~~~~~~~~~~~~~~~~[m[K
[0.844s] compilation terminated.
[0.851s] gmake[2]: *** [CMakeFiles/hw_status_publisher.dir/build.make:76: CMakeFiles/hw_status_publisher.dir/src/hw_status_publisher.cpp.o] Error 1
[0.852s] gmake[1]: *** [CMakeFiles/Makefile2:333: CMakeFiles/hw_status_publisher.dir/all] Error 2
[0.852s] gmake: *** [Makefile:146: all] Error 2
[0.855s] Invoked command in '/home/wward/ros2_workspace/build/my_cpp_pkg' returned '2': CMAKE_PREFIX_PATH=${CMAKE_PREFIX_PATH}:/home/wward/ros2_workspace/install/my_python_pkg:/opt/ros/humble /usr/bin/cmake --build /home/wward/ros2_workspace/build/my_cpp_pkg -- -j8 -l8
